2024-12-03 19:59:13.119 [info] Extension host with pid 63613 started
2024-12-03 19:59:13.139 [info] Lock '/root/.vscode-server/data/User/workspaceStorage/7357c8406dd7ab776bfe1fd154ad47e5/vscode.lock': Lock acquired.
2024-12-03 19:59:13.312 [info] ExtensionService#_doActivateExtension vscode.emmet, startup: false, activationEvent: 'onLanguage'
2024-12-03 19:59:13.313 [info] ExtensionService#_doActivateExtension vscode.typescript-language-features, startup: false, activationEvent: 'onLanguage:javascript'
2024-12-03 19:59:13.757 [info] ExtensionService#_doActivateExtension vscode.git-base, startup: true, activationEvent: '*', root cause: vscode.git
2024-12-03 19:59:13.848 [info] ExtensionService#_doActivateExtension vscode.git, startup: true, activationEvent: '*'
2024-12-03 19:59:13.848 [info] ExtensionService#_doActivateExtension vscode.github, startup: true, activationEvent: '*'
2024-12-03 19:59:14.071 [info] Eager extensions activated
2024-12-03 19:59:14.071 [info] ExtensionService#_doActivateExtension vscode.debug-auto-launch, startup: false, activationEvent: 'onStartupFinished'
2024-12-03 19:59:14.072 [info] ExtensionService#_doActivateExtension vscode.merge-conflict, startup: false, activationEvent: 'onStartupFinished'
2024-12-03 19:59:14.072 [info] ExtensionService#_doActivateExtension formulahendry.code-runner, startup: false, activationEvent: 'onStartupFinished'
2024-12-03 19:59:14.423 [warning] [Decorations] CAPPING events from decorations provider vscode.git 2580
2024-12-03 19:59:14.829 [warning] [Decorations] CAPPING events from decorations provider vscode.git 2581
2024-12-03 19:59:20.321 [warning] [Decorations] CAPPING events from decorations provider vscode.git 2582
2024-12-03 19:59:25.386 [warning] [Decorations] CAPPING events from decorations provider vscode.git 2581
2024-12-03 19:59:30.456 [warning] [Decorations] CAPPING events from decorations provider vscode.git 2574
2024-12-03 19:59:35.531 [warning] [Decorations] CAPPING events from decorations provider vscode.git 2574
2024-12-03 19:59:40.592 [warning] [Decorations] CAPPING events from decorations provider vscode.git 2574
2024-12-03 19:59:48.249 [warning] [Decorations] CAPPING events from decorations provider vscode.git 2574
2024-12-03 20:00:12.428 [warning] [Decorations] CAPPING events from decorations provider vscode.git 2574
2024-12-03 20:00:29.409 [warning] [Decorations] CAPPING events from decorations provider vscode.git 2574
2024-12-03 20:00:34.500 [warning] [Decorations] CAPPING events from decorations provider vscode.git 2574
2024-12-03 20:00:40.455 [warning] [Decorations] CAPPING events from decorations provider vscode.git 2574
2024-12-03 20:00:56.363 [warning] [Decorations] CAPPING events from decorations provider vscode.git 2574
2024-12-03 20:01:07.837 [warning] [Decorations] CAPPING events from decorations provider vscode.git 2574
2024-12-03 20:01:12.906 [warning] [Decorations] CAPPING events from decorations provider vscode.git 2574
2024-12-03 20:01:13.221 [info] ExtensionService#_doActivateExtension vscode.npm, startup: false, activationEvent: 'onTerminalQuickFixRequest:ms-vscode.npm-command'
2024-12-03 20:01:18.516 [info] ExtensionService#_doActivateExtension vscode.configuration-editing, startup: false, activationEvent: 'onLanguage:json'
2024-12-03 20:01:18.517 [info] ExtensionService#_doActivateExtension vscode.extension-editing, startup: false, activationEvent: 'onLanguage:json'
2024-12-03 20:01:18.517 [info] ExtensionService#_doActivateExtension vscode.json-language-features, startup: false, activationEvent: 'onLanguage:json'
2024-12-03 20:01:19.272 [warning] [Decorations] CAPPING events from decorations provider vscode.git 2575
2024-12-03 20:01:24.336 [warning] [Decorations] CAPPING events from decorations provider vscode.git 2575
2024-12-03 20:01:29.423 [warning] [Decorations] CAPPING events from decorations provider vscode.git 2575
2024-12-03 20:01:34.488 [warning] [Decorations] CAPPING events from decorations provider vscode.git 2575
