0 verbose cli /root/.nvm/versions/node/v20.17.0/bin/node /root/.nvm/versions/node/v20.17.0/bin/npm
1 info using npm@10.8.2
2 info using node@v20.17.0
3 silly config load:file:/root/.nvm/versions/node/v20.17.0/lib/node_modules/npm/npmrc
4 silly config load:file:/root/.cache/typescript/5.5/.npmrc
5 silly config load:file:/root/.npmrc
6 silly config load:file:/root/.nvm/versions/node/v20.17.0/etc/npmrc
7 verbose title npm install types-registry@latest
8 verbose argv "install" "--ignore-scripts" "types-registry@latest"
9 verbose logfile logs-max:10 dir:/root/.npm/_logs/2024-10-06T16_24_53_708Z-
10 verbose logfile /root/.npm/_logs/2024-10-06T16_24_53_708Z-debug-0.log
11 silly packumentCache heap:2197815296 maxSize:549453824 maxEntrySize:274726912
12 silly logfile start cleaning logs, removing 1 files
13 silly logfile done cleaning log files
14 silly packumentCache corgi:https://registry.npmjs.org/types-registry cache-miss
15 http fetch GET 200 https://registry.npmjs.org/types-registry 328ms (cache revalidated)
16 silly packumentCache corgi:https://registry.npmjs.org/types-registry set size:581832 disposed:false
17 silly idealTree buildDeps
18 silly fetch manifest types-registry@0.1.689
19 silly packumentCache full:https://registry.npmjs.org/types-registry cache-miss
20 http fetch GET 200 https://registry.npmjs.org/types-registry 87ms (cache revalidated)
21 silly packumentCache full:https://registry.npmjs.org/types-registry set size:1210215 disposed:false
22 silly placeDep ROOT types-registry@0.1.689 REPLACE for:  want: 0.1.689
23 silly reify moves {}
24 silly audit bulk request { 'types-registry': [ '0.1.689' ] }
25 http fetch POST 200 https://registry.npmjs.org/-/npm/v1/security/advisories/bulk 252ms
26 silly audit report {}
27 verbose cwd /root/.cache/typescript/5.5
28 verbose os Linux 5.15.153.1-microsoft-standard-WSL2
29 verbose node v20.17.0
30 verbose npm  v10.8.2
31 verbose exit 0
32 info ok
