0 verbose cli /root/.nvm/versions/node/v20.17.0/bin/node /root/.nvm/versions/node/v20.17.0/bin/npm
1 info using npm@10.8.2
2 info using node@v20.17.0
3 silly config load:file:/root/.nvm/versions/node/v20.17.0/lib/node_modules/npm/npmrc
4 silly config load:file:/root/.cache/typescript/5.6/.npmrc
5 silly config load:file:/root/.npmrc
6 silly config load:file:/root/.nvm/versions/node/v20.17.0/etc/npmrc
7 verbose title npm install types-registry@latest
8 verbose argv "install" "--ignore-scripts" "types-registry@latest"
9 verbose logfile logs-max:10 dir:/root/.npm/_logs/2024-11-19T09_33_23_495Z-
10 verbose logfile /root/.npm/_logs/2024-11-19T09_33_23_495Z-debug-0.log
11 silly packumentCache heap:2197815296 maxSize:549453824 maxEntrySize:274726912
12 silly logfile start cleaning logs, removing 1 files
13 silly logfile done cleaning log files
14 silly packumentCache corgi:https://registry.npmjs.org/types-registry cache-miss
15 http fetch GET 200 https://registry.npmjs.org/types-registry 1627ms (cache updated)
16 silly packumentCache corgi:https://registry.npmjs.org/types-registry set size:undefined disposed:false
17 silly idealTree buildDeps
18 silly fetch manifest types-registry@0.1.695
19 silly packumentCache full:https://registry.npmjs.org/types-registry cache-miss
20 http fetch GET 200 https://registry.npmjs.org/types-registry 708ms (cache updated)
21 silly packumentCache full:https://registry.npmjs.org/types-registry set size:undefined disposed:false
22 silly placeDep ROOT types-registry@0.1.695 REPLACE for:  want: 0.1.695
23 silly reify mark retired [ '/root/.cache/typescript/5.6/node_modules/types-registry' ]
24 silly reify moves {
24 silly reify   '/root/.cache/typescript/5.6/node_modules/types-registry': '/root/.cache/typescript/5.6/node_modules/.types-registry-wRmJ3QfS'
24 silly reify }
25 silly audit bulk request { 'types-registry': [ '0.1.695' ] }
26 silly tarball no local data for types-registry@https://registry.npmjs.org/types-registry/-/types-registry-0.1.695.tgz. Extracting by manifest.
27 http fetch POST 200 https://registry.npmjs.org/-/npm/v1/security/advisories/bulk 303ms
28 silly audit report {}
29 http fetch GET 200 https://registry.npmjs.org/types-registry/-/types-registry-0.1.695.tgz 956ms (cache miss)
30 silly CHANGE node_modules/types-registry
31 verbose cwd /root/.cache/typescript/5.6
32 verbose os Linux 5.15.167.4-microsoft-standard-WSL2
33 verbose node v20.17.0
34 verbose npm  v10.8.2
35 verbose exit 0
36 info ok
