2024-10-08 17:15:37.410 [info] [main] Log level: Info
2024-10-08 17:15:37.410 [info] [main] Validating found git in: "git"
2024-10-08 17:15:37.410 [info] [main] Using git "2.34.1" from "git"
2024-10-08 17:15:37.410 [info] [Model][doInitialScan] Initial repository scan started
2024-10-08 17:15:37.410 [info] > git rev-parse --show-toplevel [9ms]
2024-10-08 17:15:37.410 [info] fatal: not a git repository (or any of the parent directories): .git
2024-10-08 17:15:37.410 [info] > git rev-parse --show-toplevel [67ms]
2024-10-08 17:15:37.410 [info] fatal: not a git repository (or any of the parent directories): .git
2024-10-08 17:15:37.421 [info] > git rev-parse --show-toplevel [5ms]
2024-10-08 17:15:37.421 [info] fatal: not a git repository (or any of the parent directories): .git
2024-10-08 17:15:37.427 [info] > git rev-parse --show-toplevel [1ms]
2024-10-08 17:15:37.428 [info] fatal: not a git repository (or any of the parent directories): .git
2024-10-08 17:15:37.433 [info] > git rev-parse --show-toplevel [2ms]
2024-10-08 17:15:37.433 [info] fatal: not a git repository (or any of the parent directories): .git
2024-10-08 17:15:37.441 [info] > git rev-parse --show-toplevel [5ms]
2024-10-08 17:15:37.446 [info] > git rev-parse --git-dir --git-common-dir [2ms]
2024-10-08 17:15:37.460 [info] [Model][openRepository] Opened repository: /root/.nvm
2024-10-08 17:15:37.482 [info] > git rev-parse --show-toplevel [10ms]
2024-10-08 17:15:37.482 [info] fatal: not a git repository (or any of the parent directories): .git
2024-10-08 17:15:37.483 [info] > git config --get commit.template [14ms]
2024-10-08 17:15:37.492 [info] > git rev-parse --show-toplevel [5ms]
2024-10-08 17:15:37.492 [info] fatal: not a git repository (or any of the parent directories): .git
2024-10-08 17:15:37.497 [info] > git rev-parse --show-toplevel [2ms]
2024-10-08 17:15:37.497 [info] fatal: not a git repository (or any of the parent directories): .git
2024-10-08 17:15:37.501 [info] [Model][doInitialScan] Initial repository scan completed - repositories (1), closed repositories (0), parent repositories (0), unsafe repositories (0)
2024-10-08 17:15:37.503 [info] > git for-each-ref --format %(refname) %(objectname) %(*objectname) refs/tags [13ms]
2024-10-08 17:15:37.519 [info] > git for-each-ref --sort -committerdate --format %(refname) %(objectname) %(*objectname) [4ms]
2024-10-08 17:15:37.564 [info] > git status -z -uall [54ms]
2024-10-08 17:15:37.600 [info] > git config --get commit.template [2ms]
2024-10-08 17:15:37.605 [info] > git for-each-ref --format %(refname) %(objectname) %(*objectname) refs/tags [2ms]
2024-10-08 17:15:37.614 [info] > git for-each-ref --sort -committerdate --format %(refname) %(objectname) %(*objectname) [2ms]
2024-10-08 17:15:37.620 [info] > git status -z -uall [13ms]
2024-10-08 17:16:23.435 [info] > git rev-parse --show-toplevel [2ms]
2024-10-08 17:16:23.435 [info] fatal: not a git repository (or any of the parent directories): .git
2024-10-08 17:16:29.107 [info] > git rev-parse --show-toplevel [1ms]
2024-10-08 17:16:29.107 [info] fatal: not a git repository (or any of the parent directories): .git
2024-10-08 17:16:55.403 [info] > git rev-parse --show-toplevel [1ms]
2024-10-08 17:16:55.403 [info] fatal: not a git repository (or any of the parent directories): .git
2024-10-08 17:17:07.006 [info] > git rev-parse --show-toplevel [1ms]
2024-10-08 17:17:07.006 [info] fatal: not a git repository (or any of the parent directories): .git
2024-10-08 17:17:07.011 [info] > git rev-parse --show-toplevel [2ms]
2024-10-08 17:17:07.011 [info] fatal: not a git repository (or any of the parent directories): .git
2024-10-08 17:17:21.085 [info] > git rev-parse --show-toplevel [1ms]
2024-10-08 17:17:21.085 [info] fatal: not a git repository (or any of the parent directories): .git
2024-10-08 17:17:21.091 [info] > git rev-parse --show-toplevel [0ms]
2024-10-08 17:17:21.091 [info] fatal: not a git repository (or any of the parent directories): .git
2024-10-08 17:18:25.649 [info] > git rev-parse --show-toplevel [1ms]
2024-10-08 17:18:25.650 [info] fatal: not a git repository (or any of the parent directories): .git
2024-10-08 17:18:25.654 [info] > git rev-parse --show-toplevel [1ms]
2024-10-08 17:18:25.655 [info] fatal: not a git repository (or any of the parent directories): .git
2024-10-08 17:18:29.815 [info] > git rev-parse --show-toplevel [1ms]
2024-10-08 17:18:29.815 [info] fatal: not a git repository (or any of the parent directories): .git
2024-10-08 17:19:02.342 [info] > git rev-parse --show-toplevel [1ms]
2024-10-08 17:19:02.343 [info] fatal: not a git repository (or any of the parent directories): .git
2024-10-08 17:19:06.058 [info] > git rev-parse --show-toplevel [1ms]
2024-10-08 17:19:06.058 [info] fatal: not a git repository (or any of the parent directories): .git
2024-10-08 17:19:09.729 [info] > git rev-parse --show-toplevel [1ms]
2024-10-08 17:19:09.729 [info] fatal: not a git repository (or any of the parent directories): .git
2024-10-08 17:19:09.738 [info] > git rev-parse --show-toplevel [3ms]
2024-10-08 17:19:09.738 [info] fatal: not a git repository (or any of the parent directories): .git
2024-10-08 17:19:11.153 [info] > git rev-parse --show-toplevel [2ms]
2024-10-08 17:19:11.153 [info] fatal: not a git repository (or any of the parent directories): .git
2024-10-08 17:19:11.157 [info] > git rev-parse --show-toplevel [1ms]
2024-10-08 17:19:11.157 [info] fatal: not a git repository (or any of the parent directories): .git
2024-10-08 17:21:19.262 [info] > git rev-parse --show-toplevel [1ms]
2024-10-08 17:21:19.262 [info] fatal: not a git repository (or any of the parent directories): .git
2024-10-08 17:21:19.267 [info] > git rev-parse --show-toplevel [1ms]
2024-10-08 17:21:19.267 [info] fatal: not a git repository (or any of the parent directories): .git
2024-10-08 17:21:23.235 [info] > git rev-parse --show-toplevel [1ms]
2024-10-08 17:21:23.235 [info] fatal: not a git repository (or any of the parent directories): .git
2024-10-08 17:24:26.585 [info] > git rev-parse --show-toplevel [1ms]
2024-10-08 17:24:26.585 [info] fatal: not a git repository (or any of the parent directories): .git
2024-10-08 17:24:36.987 [info] > git rev-parse --show-toplevel [1ms]
2024-10-08 17:24:36.987 [info] fatal: not a git repository (or any of the parent directories): .git
2024-10-08 17:24:44.635 [info] > git rev-parse --show-toplevel [1ms]
2024-10-08 17:24:44.636 [info] fatal: not a git repository (or any of the parent directories): .git
2024-10-08 17:24:44.640 [info] > git rev-parse --show-toplevel [1ms]
2024-10-08 17:24:44.640 [info] fatal: not a git repository (or any of the parent directories): .git
2024-10-08 17:24:46.057 [info] > git rev-parse --show-toplevel [1ms]
2024-10-08 17:24:46.057 [info] fatal: not a git repository (or any of the parent directories): .git
2024-10-08 17:24:46.063 [info] > git rev-parse --show-toplevel [1ms]
2024-10-08 17:24:46.063 [info] fatal: not a git repository (or any of the parent directories): .git
2024-10-08 17:24:46.069 [info] > git rev-parse --show-toplevel [2ms]
2024-10-08 17:24:46.069 [info] fatal: not a git repository (or any of the parent directories): .git
2024-10-08 17:24:48.132 [info] > git rev-parse --show-toplevel [2ms]
2024-10-08 17:24:48.132 [info] fatal: not a git repository (or any of the parent directories): .git
2024-10-08 17:24:48.138 [info] > git rev-parse --show-toplevel [1ms]
2024-10-08 17:24:48.138 [info] fatal: not a git repository (or any of the parent directories): .git
2024-10-08 17:24:49.259 [info] > git rev-parse --show-toplevel [1ms]
2024-10-08 17:24:49.259 [info] fatal: not a git repository (or any of the parent directories): .git
2024-10-08 17:25:02.594 [info] > git rev-parse --show-toplevel [0ms]
2024-10-08 17:25:02.594 [info] fatal: not a git repository (or any of the parent directories): .git
2024-10-08 17:25:02.667 [info] > git rev-parse --show-toplevel [1ms]
2024-10-08 17:25:02.667 [info] fatal: not a git repository (or any of the parent directories): .git
2024-10-08 17:25:51.410 [info] > git rev-parse --show-toplevel [2ms]
2024-10-08 17:25:51.410 [info] fatal: not a git repository (or any of the parent directories): .git
2024-10-08 17:30:38.648 [info] > git rev-parse --show-toplevel [11ms]
2024-10-08 17:30:38.648 [info] fatal: not a git repository (or any of the parent directories): .git
2024-10-08 17:30:43.322 [info] > git rev-parse --show-toplevel [1ms]
2024-10-08 17:30:43.322 [info] fatal: not a git repository (or any of the parent directories): .git
2024-10-08 17:30:48.438 [info] > git rev-parse --show-toplevel [1ms]
2024-10-08 17:30:48.438 [info] fatal: not a git repository (or any of the parent directories): .git
2024-10-08 17:30:52.809 [info] > git rev-parse --show-toplevel [1ms]
2024-10-08 17:30:52.809 [info] fatal: not a git repository (or any of the parent directories): .git
2024-10-08 17:31:12.437 [info] > git rev-parse --show-toplevel [1ms]
2024-10-08 17:31:12.437 [info] fatal: not a git repository (or any of the parent directories): .git
2024-10-08 17:31:40.816 [info] > git rev-parse --show-toplevel [13ms]
2024-10-08 17:31:40.816 [info] fatal: not a git repository (or any of the parent directories): .git
2024-10-08 17:32:21.481 [info] > git rev-parse --show-toplevel [1ms]
2024-10-08 17:32:21.481 [info] fatal: not a git repository (or any of the parent directories): .git
2024-10-08 17:32:25.563 [info] > git rev-parse --show-toplevel [13ms]
2024-10-08 17:32:25.563 [info] fatal: not a git repository (or any of the parent directories): .git
2024-10-08 17:34:33.293 [info] > git rev-parse --show-toplevel [2ms]
2024-10-08 17:34:33.293 [info] fatal: not a git repository (or any of the parent directories): .git
2024-10-08 17:35:02.564 [info] > git rev-parse --show-toplevel [2ms]
2024-10-08 17:35:02.564 [info] fatal: not a git repository (or any of the parent directories): .git
2024-10-08 17:35:09.645 [info] > git rev-parse --show-toplevel [1ms]
2024-10-08 17:35:09.645 [info] fatal: not a git repository (or any of the parent directories): .git
2024-10-08 17:35:09.651 [info] > git rev-parse --show-toplevel [2ms]
2024-10-08 17:35:09.651 [info] fatal: not a git repository (or any of the parent directories): .git
2024-10-08 17:35:14.503 [info] > git rev-parse --show-toplevel [0ms]
2024-10-08 17:35:14.503 [info] fatal: not a git repository (or any of the parent directories): .git
2024-10-08 17:35:14.508 [info] > git rev-parse --show-toplevel [2ms]
2024-10-08 17:35:14.508 [info] fatal: not a git repository (or any of the parent directories): .git
2024-10-08 17:35:33.599 [info] > git rev-parse --show-toplevel [2ms]
2024-10-08 17:35:33.599 [info] fatal: not a git repository (or any of the parent directories): .git
2024-10-08 17:36:04.183 [info] > git rev-parse --show-toplevel [1ms]
2024-10-08 17:36:04.183 [info] fatal: not a git repository (or any of the parent directories): .git
2024-10-08 17:37:06.871 [info] > git rev-parse --show-toplevel [1ms]
2024-10-08 17:37:06.871 [info] fatal: not a git repository (or any of the parent directories): .git
2024-10-08 17:37:13.085 [info] > git rev-parse --show-toplevel [1ms]
2024-10-08 17:37:13.085 [info] fatal: not a git repository (or any of the parent directories): .git
2024-10-08 17:37:16.564 [info] > git rev-parse --show-toplevel [1ms]
2024-10-08 17:37:16.565 [info] fatal: not a git repository (or any of the parent directories): .git
2024-10-08 17:37:20.856 [info] > git rev-parse --show-toplevel [1ms]
2024-10-08 17:37:20.857 [info] fatal: not a git repository (or any of the parent directories): .git
2024-10-08 17:37:25.099 [info] > git rev-parse --show-toplevel [2ms]
2024-10-08 17:37:25.099 [info] fatal: not a git repository (or any of the parent directories): .git
2024-10-08 17:37:34.655 [info] > git rev-parse --show-toplevel [2ms]
2024-10-08 17:37:34.655 [info] fatal: not a git repository (or any of the parent directories): .git
2024-10-08 17:37:37.728 [info] > git check-ignore -v -z --stdin [11ms]
2024-10-08 17:37:41.404 [info] > git rev-parse --show-toplevel [2ms]
2024-10-08 17:37:41.404 [info] fatal: not a git repository (or any of the parent directories): .git
2024-10-08 17:38:07.923 [info] > git rev-parse --show-toplevel [13ms]
2024-10-08 17:38:07.923 [info] fatal: not a git repository (or any of the parent directories): .git
2024-10-08 17:39:59.679 [info] > git rev-parse --show-toplevel [1ms]
2024-10-08 17:39:59.680 [info] fatal: not a git repository (or any of the parent directories): .git
2024-10-08 17:40:38.476 [info] > git rev-parse --show-toplevel [19ms]
2024-10-08 17:40:38.476 [info] fatal: not a git repository (or any of the parent directories): .git
2024-10-08 17:41:32.339 [info] > git rev-parse --show-toplevel [2ms]
2024-10-08 17:41:32.339 [info] fatal: not a git repository (or any of the parent directories): .git
2024-10-08 17:41:34.462 [info] > git rev-parse --show-toplevel [1ms]
2024-10-08 17:41:34.462 [info] fatal: not a git repository (or any of the parent directories): .git
2024-10-08 17:44:43.201 [info] > git rev-parse --show-toplevel [13ms]
2024-10-08 17:44:43.201 [info] fatal: not a git repository (or any of the parent directories): .git
2024-10-08 17:44:51.376 [info] > git rev-parse --show-toplevel [2ms]
2024-10-08 17:44:51.376 [info] fatal: not a git repository (or any of the parent directories): .git
2024-10-08 17:45:02.037 [info] > git rev-parse --show-toplevel [1ms]
2024-10-08 17:45:02.037 [info] fatal: not a git repository (or any of the parent directories): .git
2024-10-08 17:45:03.905 [info] > git rev-parse --show-toplevel [1ms]
2024-10-08 17:45:03.905 [info] fatal: not a git repository (or any of the parent directories): .git
2024-10-08 17:46:04.286 [info] > git rev-parse --show-toplevel [3ms]
2024-10-08 17:46:04.286 [info] fatal: not a git repository (or any of the parent directories): .git
2024-10-08 17:46:16.969 [info] > git rev-parse --show-toplevel [4ms]
2024-10-08 17:46:16.969 [info] fatal: not a git repository (or any of the parent directories): .git
2024-10-08 17:46:43.791 [info] > git rev-parse --show-toplevel [33ms]
2024-10-08 17:46:43.791 [info] fatal: not a git repository (or any of the parent directories): .git
2024-10-08 17:46:43.796 [info] > git rev-parse --show-toplevel [1ms]
2024-10-08 17:46:43.796 [info] fatal: not a git repository (or any of the parent directories): .git
2024-10-08 17:47:13.398 [info] > git rev-parse --show-toplevel [1ms]
2024-10-08 17:47:13.398 [info] fatal: not a git repository (or any of the parent directories): .git
2024-10-08 17:47:13.403 [info] > git rev-parse --show-toplevel [1ms]
2024-10-08 17:47:13.403 [info] fatal: not a git repository (or any of the parent directories): .git
2024-10-08 17:47:13.409 [info] > git rev-parse --show-toplevel [2ms]
2024-10-08 17:47:13.409 [info] fatal: not a git repository (or any of the parent directories): .git
2024-10-08 17:47:13.414 [info] > git rev-parse --show-toplevel [2ms]
2024-10-08 17:47:13.414 [info] fatal: not a git repository (or any of the parent directories): .git
2024-10-08 17:47:19.447 [info] > git rev-parse --show-toplevel [2ms]
2024-10-08 17:47:19.447 [info] fatal: not a git repository (or any of the parent directories): .git
2024-10-08 17:47:19.452 [info] > git rev-parse --show-toplevel [1ms]
2024-10-08 17:47:19.452 [info] fatal: not a git repository (or any of the parent directories): .git
2024-10-08 17:47:26.088 [info] > git rev-parse --show-toplevel [1ms]
2024-10-08 17:47:26.088 [info] fatal: not a git repository (or any of the parent directories): .git
2024-10-08 17:47:26.093 [info] > git rev-parse --show-toplevel [1ms]
2024-10-08 17:47:26.093 [info] fatal: not a git repository (or any of the parent directories): .git
2024-10-08 17:47:30.171 [info] > git rev-parse --show-toplevel [1ms]
2024-10-08 17:47:30.171 [info] fatal: not a git repository (or any of the parent directories): .git
2024-10-08 17:47:30.177 [info] > git rev-parse --show-toplevel [1ms]
2024-10-08 17:47:30.177 [info] fatal: not a git repository (or any of the parent directories): .git
2024-10-08 17:47:30.185 [info] > git rev-parse --show-toplevel [1ms]
2024-10-08 17:47:30.186 [info] fatal: not a git repository (or any of the parent directories): .git
2024-10-08 17:47:30.192 [info] > git rev-parse --show-toplevel [2ms]
2024-10-08 17:47:30.192 [info] fatal: not a git repository (or any of the parent directories): .git
2024-10-08 17:48:09.923 [info] > git rev-parse --show-toplevel [3ms]
2024-10-08 17:48:09.923 [info] fatal: not a git repository (or any of the parent directories): .git
2024-10-08 17:48:09.929 [info] > git rev-parse --show-toplevel [1ms]
2024-10-08 17:48:09.929 [info] fatal: not a git repository (or any of the parent directories): .git
2024-10-08 17:48:11.875 [info] > git rev-parse --show-toplevel [1ms]
2024-10-08 17:48:11.875 [info] fatal: not a git repository (or any of the parent directories): .git
2024-10-08 17:48:13.779 [info] > git rev-parse --show-toplevel [1ms]
2024-10-08 17:48:13.780 [info] fatal: not a git repository (or any of the parent directories): .git
2024-10-08 17:49:00.534 [info] > git rev-parse --show-toplevel [2ms]
2024-10-08 17:49:00.534 [info] fatal: not a git repository (or any of the parent directories): .git
2024-10-08 17:49:19.947 [info] > git rev-parse --show-toplevel [1ms]
2024-10-08 17:49:19.947 [info] fatal: not a git repository (or any of the parent directories): .git
2024-10-08 17:49:23.936 [info] > git rev-parse --show-toplevel [2ms]
2024-10-08 17:49:23.936 [info] fatal: not a git repository (or any of the parent directories): .git
2024-10-08 17:49:57.531 [info] > git rev-parse --show-toplevel [1ms]
2024-10-08 17:49:57.531 [info] fatal: not a git repository (or any of the parent directories): .git
2024-10-08 17:50:00.698 [info] > git rev-parse --show-toplevel [1ms]
2024-10-08 17:50:00.699 [info] fatal: not a git repository (or any of the parent directories): .git
2024-10-08 17:50:33.784 [info] > git rev-parse --show-toplevel [5ms]
2024-10-08 17:50:33.784 [info] fatal: not a git repository (or any of the parent directories): .git
2024-10-08 17:50:41.421 [info] > git rev-parse --show-toplevel [2ms]
2024-10-08 17:50:41.421 [info] fatal: not a git repository (or any of the parent directories): .git
2024-10-08 17:50:47.164 [info] > git rev-parse --show-toplevel [3ms]
2024-10-08 17:50:47.164 [info] fatal: not a git repository (or any of the parent directories): .git
2024-10-08 17:50:50.854 [info] > git rev-parse --show-toplevel [2ms]
2024-10-08 17:50:50.854 [info] fatal: not a git repository (or any of the parent directories): .git
2024-10-08 17:50:55.848 [info] > git rev-parse --show-toplevel [4ms]
2024-10-08 17:50:55.848 [info] fatal: not a git repository (or any of the parent directories): .git
2024-10-08 17:50:57.922 [info] > git rev-parse --show-toplevel [2ms]
2024-10-08 17:50:57.922 [info] fatal: not a git repository (or any of the parent directories): .git
2024-10-08 17:54:13.734 [info] > git rev-parse --show-toplevel [4ms]
2024-10-08 17:54:13.734 [info] fatal: not a git repository (or any of the parent directories): .git
2024-10-08 17:54:15.025 [info] > git rev-parse --show-toplevel [2ms]
2024-10-08 17:54:15.025 [info] fatal: not a git repository (or any of the parent directories): .git
2024-10-08 17:54:24.003 [info] > git rev-parse --show-toplevel [2ms]
2024-10-08 17:54:24.003 [info] fatal: not a git repository (or any of the parent directories): .git
2024-10-08 17:54:26.008 [info] > git rev-parse --show-toplevel [3ms]
2024-10-08 17:54:26.008 [info] fatal: not a git repository (or any of the parent directories): .git
2024-10-08 17:57:47.300 [info] > git rev-parse --show-toplevel [2ms]
2024-10-08 17:57:47.300 [info] fatal: not a git repository (or any of the parent directories): .git
2024-10-08 17:57:49.897 [info] > git rev-parse --show-toplevel [1ms]
2024-10-08 17:57:49.897 [info] fatal: not a git repository (or any of the parent directories): .git
2024-10-08 18:00:04.808 [info] > git rev-parse --show-toplevel [1ms]
2024-10-08 18:00:04.808 [info] fatal: not a git repository (or any of the parent directories): .git
2024-10-08 18:00:07.007 [info] > git rev-parse --show-toplevel [1ms]
2024-10-08 18:00:07.007 [info] fatal: not a git repository (or any of the parent directories): .git
2024-10-08 18:00:09.856 [info] > git rev-parse --show-toplevel [2ms]
2024-10-08 18:00:09.856 [info] fatal: not a git repository (or any of the parent directories): .git
2024-10-08 18:00:33.469 [info] > git rev-parse --show-toplevel [2ms]
2024-10-08 18:00:33.469 [info] fatal: not a git repository (or any of the parent directories): .git
2024-10-08 18:00:41.787 [info] > git rev-parse --show-toplevel [1ms]
2024-10-08 18:00:41.787 [info] fatal: not a git repository (or any of the parent directories): .git
2024-10-08 18:05:13.062 [info] > git rev-parse --show-toplevel [1ms]
2024-10-08 18:05:13.062 [info] fatal: not a git repository (or any of the parent directories): .git
2024-10-08 18:06:43.619 [info] > git rev-parse --show-toplevel [2ms]
2024-10-08 18:06:43.619 [info] fatal: not a git repository (or any of the parent directories): .git
2024-10-08 18:08:06.187 [info] > git rev-parse --show-toplevel [2ms]
2024-10-08 18:08:06.188 [info] fatal: not a git repository (or any of the parent directories): .git
2024-10-08 18:08:59.657 [info] > git rev-parse --show-toplevel [1ms]
2024-10-08 18:08:59.657 [info] fatal: not a git repository (or any of the parent directories): .git
2024-10-08 18:08:59.663 [info] > git rev-parse --show-toplevel [1ms]
2024-10-08 18:08:59.663 [info] fatal: not a git repository (or any of the parent directories): .git
2024-10-08 18:09:45.660 [info] > git rev-parse --show-toplevel [1ms]
2024-10-08 18:09:45.660 [info] fatal: not a git repository (or any of the parent directories): .git
2024-10-08 18:10:01.557 [info] > git rev-parse --show-toplevel [1ms]
2024-10-08 18:10:01.557 [info] fatal: not a git repository (or any of the parent directories): .git
2024-10-08 18:10:05.226 [info] > git rev-parse --show-toplevel [1ms]
2024-10-08 18:10:05.226 [info] fatal: not a git repository (or any of the parent directories): .git
2024-10-08 18:10:23.504 [info] > git rev-parse --show-toplevel [1ms]
2024-10-08 18:10:23.504 [info] fatal: not a git repository (or any of the parent directories): .git
2024-10-08 18:10:27.568 [info] > git rev-parse --show-toplevel [1ms]
2024-10-08 18:10:27.568 [info] fatal: not a git repository (or any of the parent directories): .git
2024-10-08 18:10:32.021 [info] > git rev-parse --show-toplevel [1ms]
2024-10-08 18:10:32.021 [info] fatal: not a git repository (or any of the parent directories): .git
2024-10-08 18:10:40.548 [info] > git rev-parse --show-toplevel [1ms]
2024-10-08 18:10:40.548 [info] fatal: not a git repository (or any of the parent directories): .git
2024-10-08 18:10:45.856 [info] > git rev-parse --show-toplevel [1ms]
2024-10-08 18:10:45.856 [info] fatal: not a git repository (or any of the parent directories): .git
2024-10-08 18:10:56.765 [info] > git rev-parse --show-toplevel [1ms]
2024-10-08 18:10:56.765 [info] fatal: not a git repository (or any of the parent directories): .git
2024-10-08 18:10:56.773 [info] > git rev-parse --show-toplevel [3ms]
2024-10-08 18:10:56.773 [info] fatal: not a git repository (or any of the parent directories): .git
2024-10-08 18:10:59.923 [info] > git rev-parse --show-toplevel [1ms]
2024-10-08 18:10:59.923 [info] fatal: not a git repository (or any of the parent directories): .git
2024-10-08 18:10:59.928 [info] > git rev-parse --show-toplevel [1ms]
2024-10-08 18:10:59.928 [info] fatal: not a git repository (or any of the parent directories): .git
2024-10-08 18:10:59.932 [info] > git rev-parse --show-toplevel [1ms]
2024-10-08 18:10:59.932 [info] fatal: not a git repository (or any of the parent directories): .git
2024-10-08 18:14:49.118 [info] > git rev-parse --show-toplevel [1ms]
2024-10-08 18:14:49.118 [info] fatal: not a git repository (or any of the parent directories): .git
2024-10-08 18:14:52.483 [info] > git rev-parse --show-toplevel [1ms]
2024-10-08 18:14:52.483 [info] fatal: not a git repository (or any of the parent directories): .git
2024-10-08 18:15:13.791 [info] > git rev-parse --show-toplevel [1ms]
2024-10-08 18:15:13.791 [info] fatal: not a git repository (or any of the parent directories): .git
2024-10-08 18:15:13.797 [info] > git rev-parse --show-toplevel [1ms]
2024-10-08 18:15:13.797 [info] fatal: not a git repository (or any of the parent directories): .git
2024-10-08 18:15:15.789 [info] > git rev-parse --show-toplevel [1ms]
2024-10-08 18:15:15.789 [info] fatal: not a git repository (or any of the parent directories): .git
2024-10-08 18:15:15.794 [info] > git rev-parse --show-toplevel [0ms]
2024-10-08 18:15:15.794 [info] fatal: not a git repository (or any of the parent directories): .git
2024-10-08 18:15:15.797 [info] > git rev-parse --show-toplevel [0ms]
2024-10-08 18:15:15.797 [info] fatal: not a git repository (or any of the parent directories): .git
2024-10-08 18:18:12.864 [info] > git rev-parse --show-toplevel [1ms]
2024-10-08 18:18:12.864 [info] fatal: not a git repository (or any of the parent directories): .git
2024-10-08 18:18:15.839 [info] > git rev-parse --show-toplevel [1ms]
2024-10-08 18:18:15.840 [info] fatal: not a git repository (or any of the parent directories): .git
2024-10-08 18:22:30.978 [info] > git rev-parse --show-toplevel [0ms]
2024-10-08 18:22:30.978 [info] fatal: not a git repository (or any of the parent directories): .git
2024-10-08 18:22:30.985 [info] > git rev-parse --show-toplevel [2ms]
2024-10-08 18:22:30.985 [info] fatal: not a git repository (or any of the parent directories): .git
2024-10-08 18:22:33.411 [info] > git rev-parse --show-toplevel [1ms]
2024-10-08 18:22:33.411 [info] fatal: not a git repository (or any of the parent directories): .git
2024-10-08 18:22:33.416 [info] > git rev-parse --show-toplevel [1ms]
2024-10-08 18:22:33.416 [info] fatal: not a git repository (or any of the parent directories): .git
2024-10-08 18:22:33.420 [info] > git rev-parse --show-toplevel [1ms]
2024-10-08 18:22:33.420 [info] fatal: not a git repository (or any of the parent directories): .git
2024-10-08 18:23:45.646 [info] > git rev-parse --show-toplevel [2ms]
2024-10-08 18:23:45.646 [info] fatal: not a git repository (or any of the parent directories): .git
2024-10-08 18:23:48.820 [info] > git rev-parse --show-toplevel [1ms]
2024-10-08 18:23:48.820 [info] fatal: not a git repository (or any of the parent directories): .git
2024-10-08 18:25:21.527 [info] > git rev-parse --show-toplevel [1ms]
2024-10-08 18:25:21.527 [info] fatal: not a git repository (or any of the parent directories): .git
2024-10-08 18:27:30.356 [info] > git rev-parse --show-toplevel [0ms]
2024-10-08 18:27:30.356 [info] fatal: not a git repository (or any of the parent directories): .git
2024-10-08 18:27:30.360 [info] > git rev-parse --show-toplevel [1ms]
2024-10-08 18:27:30.360 [info] fatal: not a git repository (or any of the parent directories): .git
2024-10-08 19:50:49.160 [info] > git rev-parse --show-toplevel [16ms]
2024-10-08 19:50:49.161 [info] fatal: not a git repository (or any of the parent directories): .git
2024-10-08 19:50:49.165 [info] > git rev-parse --show-toplevel [1ms]
2024-10-08 19:50:49.165 [info] fatal: not a git repository (or any of the parent directories): .git
2024-10-08 19:50:49.169 [info] > git rev-parse --show-toplevel [0ms]
2024-10-08 19:50:49.169 [info] fatal: not a git repository (or any of the parent directories): .git
