2024-10-29 16:50:55.794 [info] [main] Log level: Info
2024-10-29 16:50:55.795 [info] [main] Validating found git in: "git"
2024-10-29 16:50:55.795 [info] [main] Using git "2.34.1" from "git"
2024-10-29 16:50:55.795 [info] [Model][doInitialScan] Initial repository scan started
2024-10-29 16:50:55.795 [info] > git rev-parse --show-toplevel [5ms]
2024-10-29 16:50:55.795 [info] fatal: not a git repository (or any of the parent directories): .git
2024-10-29 16:50:55.801 [info] > git rev-parse --show-toplevel [46ms]
2024-10-29 16:50:55.801 [info] fatal: not a git repository (or any of the parent directories): .git
2024-10-29 16:50:55.807 [info] > git rev-parse --show-toplevel [1ms]
2024-10-29 16:50:55.807 [info] fatal: not a git repository (or any of the parent directories): .git
2024-10-29 16:50:55.815 [info] > git rev-parse --show-toplevel [5ms]
2024-10-29 16:50:55.815 [info] fatal: not a git repository (or any of the parent directories): .git
2024-10-29 16:50:55.821 [info] > git rev-parse --show-toplevel [2ms]
2024-10-29 16:50:55.821 [info] fatal: not a git repository (or any of the parent directories): .git
2024-10-29 16:50:55.829 [info] > git rev-parse --show-toplevel [3ms]
2024-10-29 16:50:55.845 [info] > git rev-parse --git-dir --git-common-dir [12ms]
2024-10-29 16:50:55.859 [info] [Model][openRepository] Opened repository: /root/.nvm
2024-10-29 16:50:55.877 [info] > git rev-parse --show-toplevel [3ms]
2024-10-29 16:50:55.877 [info] fatal: not a git repository (or any of the parent directories): .git
2024-10-29 16:50:55.878 [info] > git config --get commit.template [12ms]
2024-10-29 16:50:55.901 [info] > git rev-parse --show-toplevel [9ms]
2024-10-29 16:50:55.901 [info] fatal: not a git repository (or any of the parent directories): .git
2024-10-29 16:50:55.910 [info] > git for-each-ref --format %(refname) %(objectname) %(*objectname) refs/tags [14ms]
2024-10-29 16:50:55.922 [info] > git rev-parse --show-toplevel [13ms]
2024-10-29 16:50:55.922 [info] fatal: not a git repository (or any of the parent directories): .git
2024-10-29 16:50:55.925 [info] [Model][doInitialScan] Initial repository scan completed - repositories (1), closed repositories (0), parent repositories (0), unsafe repositories (0)
2024-10-29 16:50:55.926 [info] > git for-each-ref --sort -committerdate --format %(refname) %(objectname) %(*objectname) [6ms]
2024-10-29 16:50:55.955 [info] > git status -z -uall [40ms]
2024-10-29 16:50:55.990 [info] > git config --get commit.template [3ms]
2024-10-29 16:50:55.990 [info] > git for-each-ref --format %(refname) %(objectname) %(*objectname) refs/tags [1ms]
2024-10-29 16:50:55.998 [info] > git for-each-ref --sort -committerdate --format %(refname) %(objectname) %(*objectname) [3ms]
2024-10-29 16:50:56.003 [info] > git status -z -uall [11ms]
2024-10-29 16:50:56.407 [info] > git check-ignore -v -z --stdin [1ms]
2024-10-29 16:51:20.881 [info] > git rev-parse --show-toplevel [1ms]
2024-10-29 16:51:20.881 [info] fatal: not a git repository (or any of the parent directories): .git
2024-10-29 17:02:17.711 [info] > git rev-parse --show-toplevel [1ms]
2024-10-29 17:02:17.711 [info] fatal: not a git repository (or any of the parent directories): .git
2024-10-29 17:02:21.219 [info] > git rev-parse --show-toplevel [1ms]
2024-10-29 17:02:21.219 [info] fatal: not a git repository (or any of the parent directories): .git
2024-10-29 17:02:25.656 [info] > git rev-parse --show-toplevel [1ms]
2024-10-29 17:02:25.656 [info] fatal: not a git repository (or any of the parent directories): .git
2024-10-29 17:02:28.892 [info] > git rev-parse --show-toplevel [1ms]
2024-10-29 17:02:28.892 [info] fatal: not a git repository (or any of the parent directories): .git
2024-10-29 17:02:28.896 [info] > git rev-parse --show-toplevel [1ms]
2024-10-29 17:02:28.896 [info] fatal: not a git repository (or any of the parent directories): .git
2024-10-29 17:09:43.024 [info] > git rev-parse --show-toplevel [13ms]
2024-10-29 17:09:43.025 [info] fatal: not a git repository (or any of the parent directories): .git
2024-10-29 17:09:44.490 [info] > git rev-parse --show-toplevel [1ms]
2024-10-29 17:09:44.490 [info] fatal: not a git repository (or any of the parent directories): .git
2024-10-29 17:10:06.036 [info] > git rev-parse --show-toplevel [3ms]
2024-10-29 17:10:06.036 [info] fatal: not a git repository (or any of the parent directories): .git
2024-10-29 17:10:08.517 [info] > git rev-parse --show-toplevel [1ms]
2024-10-29 17:10:08.517 [info] fatal: not a git repository (or any of the parent directories): .git
2024-10-29 17:10:10.614 [info] > git rev-parse --show-toplevel [2ms]
2024-10-29 17:10:10.614 [info] fatal: not a git repository (or any of the parent directories): .git
2024-10-29 17:10:12.481 [info] > git rev-parse --show-toplevel [1ms]
2024-10-29 17:10:12.481 [info] fatal: not a git repository (or any of the parent directories): .git
2024-10-29 17:10:16.950 [info] > git rev-parse --show-toplevel [1ms]
2024-10-29 17:10:16.950 [info] fatal: not a git repository (or any of the parent directories): .git
2024-10-29 17:11:41.254 [info] > git rev-parse --show-toplevel [11ms]
2024-10-29 17:11:41.255 [info] fatal: not a git repository (or any of the parent directories): .git
2024-10-29 17:11:44.500 [info] > git rev-parse --show-toplevel [1ms]
2024-10-29 17:11:44.500 [info] fatal: not a git repository (or any of the parent directories): .git
2024-10-29 17:11:46.050 [info] > git rev-parse --show-toplevel [1ms]
2024-10-29 17:11:46.050 [info] fatal: not a git repository (or any of the parent directories): .git
2024-10-29 17:11:57.949 [info] > git rev-parse --show-toplevel [1ms]
2024-10-29 17:11:57.949 [info] fatal: not a git repository (or any of the parent directories): .git
2024-10-29 17:20:09.973 [info] > git rev-parse --show-toplevel [10ms]
2024-10-29 17:20:09.974 [info] fatal: not a git repository (or any of the parent directories): .git
2024-10-29 17:20:22.177 [info] > git rev-parse --show-toplevel [1ms]
2024-10-29 17:20:22.177 [info] fatal: not a git repository (or any of the parent directories): .git
2024-10-29 17:20:22.180 [info] > git rev-parse --show-toplevel [1ms]
2024-10-29 17:20:22.180 [info] fatal: not a git repository (or any of the parent directories): .git
2024-10-29 17:20:28.685 [info] > git rev-parse --show-toplevel [1ms]
2024-10-29 17:20:28.685 [info] fatal: not a git repository (or any of the parent directories): .git
2024-10-29 17:20:55.533 [info] > git rev-parse --show-toplevel [0ms]
2024-10-29 17:20:55.533 [info] fatal: not a git repository (or any of the parent directories): .git
2024-10-29 17:21:05.855 [info] > git rev-parse --show-toplevel [2ms]
2024-10-29 17:21:05.855 [info] fatal: not a git repository (or any of the parent directories): .git
2024-10-29 17:21:36.570 [info] > git rev-parse --show-toplevel [1ms]
2024-10-29 17:21:36.571 [info] fatal: not a git repository (or any of the parent directories): .git
2024-10-29 17:22:35.244 [info] > git rev-parse --show-toplevel [2ms]
2024-10-29 17:22:35.244 [info] fatal: not a git repository (or any of the parent directories): .git
2024-10-29 17:22:52.255 [info] > git rev-parse --show-toplevel [1ms]
2024-10-29 17:22:52.255 [info] fatal: not a git repository (or any of the parent directories): .git
2024-10-29 17:23:06.280 [info] > git rev-parse --show-toplevel [1ms]
2024-10-29 17:23:06.281 [info] fatal: not a git repository (or any of the parent directories): .git
2024-10-29 17:23:08.485 [info] > git rev-parse --show-toplevel [1ms]
2024-10-29 17:23:08.485 [info] fatal: not a git repository (or any of the parent directories): .git
2024-10-29 17:23:16.998 [info] > git rev-parse --show-toplevel [1ms]
2024-10-29 17:23:16.998 [info] fatal: not a git repository (or any of the parent directories): .git
2024-10-29 17:23:18.801 [info] > git rev-parse --show-toplevel [2ms]
2024-10-29 17:23:18.801 [info] fatal: not a git repository (or any of the parent directories): .git
2024-10-29 17:23:22.587 [info] > git rev-parse --show-toplevel [2ms]
2024-10-29 17:23:22.587 [info] fatal: not a git repository (or any of the parent directories): .git
2024-10-29 17:23:36.852 [info] > git rev-parse --show-toplevel [1ms]
2024-10-29 17:23:36.852 [info] fatal: not a git repository (or any of the parent directories): .git
2024-10-29 17:25:20.113 [info] > git rev-parse --show-toplevel [1ms]
2024-10-29 17:25:20.113 [info] fatal: not a git repository (or any of the parent directories): .git
2024-10-29 17:25:30.103 [info] > git rev-parse --show-toplevel [1ms]
2024-10-29 17:25:30.103 [info] fatal: not a git repository (or any of the parent directories): .git
2024-10-29 17:25:45.770 [info] > git rev-parse --show-toplevel [13ms]
2024-10-29 17:25:45.770 [info] fatal: not a git repository (or any of the parent directories): .git
2024-10-29 17:25:51.966 [info] > git rev-parse --show-toplevel [1ms]
2024-10-29 17:25:51.966 [info] fatal: not a git repository (or any of the parent directories): .git
2024-10-29 17:31:19.901 [info] > git rev-parse --show-toplevel [2ms]
2024-10-29 17:31:19.901 [info] fatal: not a git repository (or any of the parent directories): .git
2024-10-29 17:31:28.914 [info] > git rev-parse --show-toplevel [1ms]
2024-10-29 17:31:28.914 [info] fatal: not a git repository (or any of the parent directories): .git
2024-10-29 17:31:32.884 [info] > git rev-parse --show-toplevel [1ms]
2024-10-29 17:31:32.884 [info] fatal: not a git repository (or any of the parent directories): .git
2024-10-29 17:31:35.816 [info] > git rev-parse --show-toplevel [1ms]
2024-10-29 17:31:35.816 [info] fatal: not a git repository (or any of the parent directories): .git
2024-10-29 17:31:51.815 [info] > git rev-parse --show-toplevel [2ms]
2024-10-29 17:31:51.815 [info] fatal: not a git repository (or any of the parent directories): .git
2024-10-29 17:32:06.614 [info] > git rev-parse --show-toplevel [1ms]
2024-10-29 17:32:06.614 [info] fatal: not a git repository (or any of the parent directories): .git
2024-10-29 17:32:36.348 [info] > git rev-parse --show-toplevel [4ms]
2024-10-29 17:32:36.348 [info] fatal: not a git repository (or any of the parent directories): .git
2024-10-29 17:32:36.351 [info] > git rev-parse --show-toplevel [1ms]
2024-10-29 17:32:36.351 [info] fatal: not a git repository (or any of the parent directories): .git
2024-10-29 17:34:36.300 [info] > git rev-parse --show-toplevel [1ms]
2024-10-29 17:34:36.300 [info] fatal: not a git repository (or any of the parent directories): .git
2024-10-29 17:39:00.579 [info] > git rev-parse --show-toplevel [10ms]
2024-10-29 17:39:00.579 [info] fatal: not a git repository (or any of the parent directories): .git
2024-10-29 17:39:03.058 [info] > git rev-parse --show-toplevel [1ms]
2024-10-29 17:39:03.058 [info] fatal: not a git repository (or any of the parent directories): .git
2024-10-29 17:41:37.583 [info] > git rev-parse --show-toplevel [9ms]
2024-10-29 17:41:37.583 [info] fatal: not a git repository (or any of the parent directories): .git
2024-10-29 17:51:37.476 [info] > git rev-parse --show-toplevel [10ms]
2024-10-29 17:51:37.476 [info] fatal: not a git repository (or any of the parent directories): .git
2024-10-29 17:51:37.480 [info] > git rev-parse --show-toplevel [1ms]
2024-10-29 17:51:37.480 [info] fatal: not a git repository (or any of the parent directories): .git
2024-10-29 18:03:59.160 [info] > git rev-parse --show-toplevel [10ms]
2024-10-29 18:03:59.161 [info] fatal: not a git repository (or any of the parent directories): .git
2024-10-29 18:04:00.975 [info] > git rev-parse --show-toplevel [1ms]
2024-10-29 18:04:00.975 [info] fatal: not a git repository (or any of the parent directories): .git
