2024-11-05 17:04:52.568 [info] [main] Log level: Info
2024-11-05 17:04:52.568 [info] [main] Validating found git in: "git"
2024-11-05 17:04:52.568 [info] [main] Using git "2.34.1" from "git"
2024-11-05 17:04:52.568 [info] [Model][doInitialScan] Initial repository scan started
2024-11-05 17:04:52.568 [info] > git rev-parse --show-toplevel [68ms]
2024-11-05 17:04:52.568 [info] fatal: not a git repository (or any of the parent directories): .git
2024-11-05 17:04:52.568 [info] > git rev-parse --show-toplevel [8ms]
2024-11-05 17:04:52.568 [info] fatal: not a git repository (or any of the parent directories): .git
2024-11-05 17:04:52.576 [info] > git rev-parse --show-toplevel [3ms]
2024-11-05 17:04:52.577 [info] fatal: not a git repository (or any of the parent directories): .git
2024-11-05 17:04:52.584 [info] > git rev-parse --show-toplevel [3ms]
2024-11-05 17:04:52.584 [info] fatal: not a git repository (or any of the parent directories): .git
2024-11-05 17:04:52.589 [info] > git rev-parse --show-toplevel [1ms]
2024-11-05 17:04:52.589 [info] fatal: not a git repository (or any of the parent directories): .git
2024-11-05 17:04:52.602 [info] > git rev-parse --show-toplevel [7ms]
2024-11-05 17:04:52.608 [info] > git rev-parse --git-dir --git-common-dir [1ms]
2024-11-05 17:04:52.624 [info] [Model][openRepository] Opened repository: /root/.nvm
2024-11-05 17:04:52.641 [info] > git rev-parse --show-toplevel [2ms]
2024-11-05 17:04:52.641 [info] fatal: not a git repository (or any of the parent directories): .git
2024-11-05 17:04:52.642 [info] > git config --get commit.template [7ms]
2024-11-05 17:04:52.653 [info] > git rev-parse --show-toplevel [6ms]
2024-11-05 17:04:52.653 [info] fatal: not a git repository (or any of the parent directories): .git
2024-11-05 17:04:52.658 [info] > git for-each-ref --format %(refname) %(objectname) %(*objectname) refs/tags [7ms]
2024-11-05 17:04:52.672 [info] > git rev-parse --show-toplevel [16ms]
2024-11-05 17:04:52.672 [info] fatal: not a git repository (or any of the parent directories): .git
2024-11-05 17:04:52.675 [info] [Model][doInitialScan] Initial repository scan completed - repositories (1), closed repositories (0), parent repositories (0), unsafe repositories (0)
2024-11-05 17:04:52.686 [info] > git rev-parse --show-toplevel [2ms]
2024-11-05 17:04:52.686 [info] fatal: not a git repository (or any of the parent directories): .git
2024-11-05 17:04:52.687 [info] > git for-each-ref --sort -committerdate --format %(refname) %(objectname) %(*objectname) [16ms]
2024-11-05 17:04:52.697 [info] > git rev-parse --show-toplevel [3ms]
2024-11-05 17:04:52.697 [info] fatal: not a git repository (or any of the parent directories): .git
2024-11-05 17:04:52.728 [info] > git status -z -uall [64ms]
2024-11-05 17:04:52.763 [info] > git config --get commit.template [6ms]
2024-11-05 17:04:52.770 [info] > git for-each-ref --format %(refname) %(objectname) %(*objectname) refs/tags [3ms]
2024-11-05 17:04:52.780 [info] > git for-each-ref --sort -committerdate --format %(refname) %(objectname) %(*objectname) [1ms]
2024-11-05 17:04:52.788 [info] > git status -z -uall [14ms]
2024-11-05 17:04:56.918 [info] > git check-ignore -v -z --stdin [1ms]
2024-11-05 17:05:13.381 [info] > git rev-parse --show-toplevel [2ms]
2024-11-05 17:05:13.381 [info] fatal: not a git repository (or any of the parent directories): .git
2024-11-05 17:07:19.258 [info] > git rev-parse --show-toplevel [1ms]
2024-11-05 17:07:19.258 [info] fatal: not a git repository (or any of the parent directories): .git
2024-11-05 17:07:21.406 [info] > git rev-parse --show-toplevel [1ms]
2024-11-05 17:07:21.406 [info] fatal: not a git repository (or any of the parent directories): .git
2024-11-05 17:07:30.510 [info] > git rev-parse --show-toplevel [1ms]
2024-11-05 17:07:30.510 [info] fatal: not a git repository (or any of the parent directories): .git
2024-11-05 17:23:12.031 [info] > git rev-parse --show-toplevel [16ms]
2024-11-05 17:23:12.032 [info] fatal: not a git repository (or any of the parent directories): .git
2024-11-05 17:23:14.324 [info] > git rev-parse --show-toplevel [2ms]
2024-11-05 17:23:14.324 [info] fatal: not a git repository (or any of the parent directories): .git
2024-11-05 17:23:16.468 [info] > git rev-parse --show-toplevel [1ms]
2024-11-05 17:23:16.468 [info] fatal: not a git repository (or any of the parent directories): .git
2024-11-05 17:23:17.914 [info] > git rev-parse --show-toplevel [2ms]
2024-11-05 17:23:17.914 [info] fatal: not a git repository (or any of the parent directories): .git
2024-11-05 17:23:20.689 [info] > git rev-parse --show-toplevel [1ms]
2024-11-05 17:23:20.689 [info] fatal: not a git repository (or any of the parent directories): .git
2024-11-05 17:23:53.172 [info] > git rev-parse --show-toplevel [3ms]
2024-11-05 17:23:53.172 [info] fatal: not a git repository (or any of the parent directories): .git
2024-11-05 17:24:02.420 [info] > git rev-parse --show-toplevel [1ms]
2024-11-05 17:24:02.420 [info] fatal: not a git repository (or any of the parent directories): .git
2024-11-05 17:24:02.426 [info] > git rev-parse --show-toplevel [2ms]
2024-11-05 17:24:02.426 [info] fatal: not a git repository (or any of the parent directories): .git
2024-11-05 17:24:06.185 [info] > git rev-parse --show-toplevel [2ms]
2024-11-05 17:24:06.186 [info] fatal: not a git repository (or any of the parent directories): .git
2024-11-05 17:24:06.191 [info] > git rev-parse --show-toplevel [1ms]
2024-11-05 17:24:06.191 [info] fatal: not a git repository (or any of the parent directories): .git
2024-11-05 17:24:06.195 [info] > git rev-parse --show-toplevel [1ms]
2024-11-05 17:24:06.195 [info] fatal: not a git repository (or any of the parent directories): .git
2024-11-05 17:24:07.827 [info] > git rev-parse --show-toplevel [1ms]
2024-11-05 17:24:07.827 [info] fatal: not a git repository (or any of the parent directories): .git
2024-11-05 17:24:07.832 [info] > git rev-parse --show-toplevel [0ms]
2024-11-05 17:24:07.832 [info] fatal: not a git repository (or any of the parent directories): .git
2024-11-05 17:24:36.427 [info] > git rev-parse --show-toplevel [1ms]
2024-11-05 17:24:36.428 [info] fatal: not a git repository (or any of the parent directories): .git
2024-11-05 17:24:36.432 [info] > git rev-parse --show-toplevel [1ms]
2024-11-05 17:24:36.432 [info] fatal: not a git repository (or any of the parent directories): .git
2024-11-05 17:24:40.405 [info] > git rev-parse --show-toplevel [2ms]
2024-11-05 17:24:40.405 [info] fatal: not a git repository (or any of the parent directories): .git
2024-11-05 17:24:40.409 [info] > git rev-parse --show-toplevel [0ms]
2024-11-05 17:24:40.409 [info] fatal: not a git repository (or any of the parent directories): .git
2024-11-05 17:25:44.813 [info] > git rev-parse --show-toplevel [11ms]
2024-11-05 17:25:44.813 [info] fatal: not a git repository (or any of the parent directories): .git
2024-11-05 17:25:44.818 [info] > git rev-parse --show-toplevel [1ms]
2024-11-05 17:25:44.818 [info] fatal: not a git repository (or any of the parent directories): .git
2024-11-05 17:26:21.592 [info] > git rev-parse --show-toplevel [11ms]
2024-11-05 17:26:21.592 [info] fatal: not a git repository (or any of the parent directories): .git
2024-11-05 17:26:24.238 [info] > git rev-parse --show-toplevel [3ms]
2024-11-05 17:26:24.238 [info] fatal: not a git repository (or any of the parent directories): .git
2024-11-05 17:26:27.797 [info] > git rev-parse --show-toplevel [1ms]
2024-11-05 17:26:27.797 [info] fatal: not a git repository (or any of the parent directories): .git
2024-11-05 17:27:28.625 [info] > git rev-parse --show-toplevel [1ms]
2024-11-05 17:27:28.625 [info] fatal: not a git repository (or any of the parent directories): .git
2024-11-05 17:27:34.158 [info] > git rev-parse --show-toplevel [1ms]
2024-11-05 17:27:34.158 [info] fatal: not a git repository (or any of the parent directories): .git
2024-11-05 17:27:43.427 [info] > git rev-parse --show-toplevel [1ms]
2024-11-05 17:27:43.427 [info] fatal: not a git repository (or any of the parent directories): .git
2024-11-05 17:28:40.644 [info] > git rev-parse --show-toplevel [10ms]
2024-11-05 17:28:40.646 [info] fatal: not a git repository (or any of the parent directories): .git
2024-11-05 17:31:00.597 [info] > git rev-parse --show-toplevel [1ms]
2024-11-05 17:31:00.597 [info] fatal: not a git repository (or any of the parent directories): .git
2024-11-05 17:36:01.438 [info] > git rev-parse --show-toplevel [11ms]
2024-11-05 17:36:01.438 [info] fatal: not a git repository (or any of the parent directories): .git
2024-11-05 17:36:09.855 [info] > git rev-parse --show-toplevel [1ms]
2024-11-05 17:36:09.855 [info] fatal: not a git repository (or any of the parent directories): .git
2024-11-05 17:36:37.467 [info] > git rev-parse --show-toplevel [1ms]
2024-11-05 17:36:37.467 [info] fatal: not a git repository (or any of the parent directories): .git
2024-11-05 17:36:41.852 [info] > git rev-parse --show-toplevel [2ms]
2024-11-05 17:36:41.852 [info] fatal: not a git repository (or any of the parent directories): .git
2024-11-05 17:36:44.055 [info] > git rev-parse --show-toplevel [2ms]
2024-11-05 17:36:44.055 [info] fatal: not a git repository (or any of the parent directories): .git
2024-11-05 17:49:36.966 [info] > git rev-parse --show-toplevel [0ms]
2024-11-05 17:49:36.966 [info] fatal: not a git repository (or any of the parent directories): .git
2024-11-05 17:49:41.656 [info] > git rev-parse --show-toplevel [1ms]
2024-11-05 17:49:41.656 [info] fatal: not a git repository (or any of the parent directories): .git
2024-11-05 17:49:55.409 [info] > git rev-parse --show-toplevel [1ms]
2024-11-05 17:49:55.409 [info] fatal: not a git repository (or any of the parent directories): .git
2024-11-05 17:50:01.262 [info] > git rev-parse --show-toplevel [1ms]
2024-11-05 17:50:01.262 [info] fatal: not a git repository (or any of the parent directories): .git
2024-11-05 17:51:53.059 [info] > git rev-parse --show-toplevel [1ms]
2024-11-05 17:51:53.059 [info] fatal: not a git repository (or any of the parent directories): .git
2024-11-05 17:51:55.152 [info] > git rev-parse --show-toplevel [1ms]
2024-11-05 17:51:55.152 [info] fatal: not a git repository (or any of the parent directories): .git
2024-11-05 18:03:07.162 [info] > git rev-parse --show-toplevel [10ms]
2024-11-05 18:03:07.162 [info] fatal: not a git repository (or any of the parent directories): .git
2024-11-05 18:04:07.961 [info] > git rev-parse --show-toplevel [11ms]
2024-11-05 18:04:07.961 [info] fatal: not a git repository (or any of the parent directories): .git
2024-11-05 18:04:07.966 [info] > git rev-parse --show-toplevel [1ms]
2024-11-05 18:04:07.966 [info] fatal: not a git repository (or any of the parent directories): .git
2024-11-05 18:04:37.090 [info] > git rev-parse --show-toplevel [2ms]
2024-11-05 18:04:37.090 [info] fatal: not a git repository (or any of the parent directories): .git
2024-11-05 18:04:37.095 [info] > git rev-parse --show-toplevel [1ms]
2024-11-05 18:04:37.095 [info] fatal: not a git repository (or any of the parent directories): .git
2024-11-05 18:04:37.099 [info] > git rev-parse --show-toplevel [2ms]
2024-11-05 18:04:37.099 [info] fatal: not a git repository (or any of the parent directories): .git
2024-11-05 18:04:38.887 [info] > git rev-parse --show-toplevel [2ms]
2024-11-05 18:04:38.887 [info] fatal: not a git repository (or any of the parent directories): .git
2024-11-05 18:04:38.892 [info] > git rev-parse --show-toplevel [1ms]
2024-11-05 18:04:38.892 [info] fatal: not a git repository (or any of the parent directories): .git
2024-11-05 18:04:41.179 [info] > git rev-parse --show-toplevel [1ms]
2024-11-05 18:04:41.179 [info] fatal: not a git repository (or any of the parent directories): .git
2024-11-05 18:04:41.184 [info] > git rev-parse --show-toplevel [1ms]
2024-11-05 18:04:41.184 [info] fatal: not a git repository (or any of the parent directories): .git
2024-11-05 18:04:41.189 [info] > git rev-parse --show-toplevel [1ms]
2024-11-05 18:04:41.189 [info] fatal: not a git repository (or any of the parent directories): .git
2024-11-05 18:04:45.506 [info] > git rev-parse --show-toplevel [1ms]
2024-11-05 18:04:45.506 [info] fatal: not a git repository (or any of the parent directories): .git
2024-11-05 18:06:31.850 [info] > git rev-parse --show-toplevel [1ms]
2024-11-05 18:06:31.850 [info] fatal: not a git repository (or any of the parent directories): .git
2024-11-05 18:07:34.109 [info] > git rev-parse --show-toplevel [15ms]
2024-11-05 18:07:34.109 [info] fatal: not a git repository (or any of the parent directories): .git
2024-11-05 18:07:43.907 [info] > git rev-parse --show-toplevel [2ms]
2024-11-05 18:07:43.907 [info] fatal: not a git repository (or any of the parent directories): .git
2024-11-05 18:07:45.473 [info] > git rev-parse --show-toplevel [1ms]
2024-11-05 18:07:45.473 [info] fatal: not a git repository (or any of the parent directories): .git
2024-11-05 18:07:54.260 [info] > git rev-parse --show-toplevel [3ms]
2024-11-05 18:07:54.260 [info] fatal: not a git repository (or any of the parent directories): .git
2024-11-05 18:13:48.430 [info] > git rev-parse --show-toplevel [11ms]
2024-11-05 18:13:48.430 [info] fatal: not a git repository (or any of the parent directories): .git
2024-11-05 18:13:54.359 [info] > git rev-parse --show-toplevel [1ms]
2024-11-05 18:13:54.359 [info] fatal: not a git repository (or any of the parent directories): .git
2024-11-05 18:14:48.895 [info] > git rev-parse --show-toplevel [10ms]
2024-11-05 18:14:48.895 [info] fatal: not a git repository (or any of the parent directories): .git
2024-11-05 18:16:32.495 [info] > git rev-parse --show-toplevel [2ms]
2024-11-05 18:16:32.495 [info] fatal: not a git repository (or any of the parent directories): .git
2024-11-05 18:16:53.940 [info] > git rev-parse --show-toplevel [11ms]
2024-11-05 18:16:53.940 [info] fatal: not a git repository (or any of the parent directories): .git
2024-11-05 18:16:56.080 [info] > git rev-parse --show-toplevel [1ms]
2024-11-05 18:16:56.080 [info] fatal: not a git repository (or any of the parent directories): .git
2024-11-05 18:16:58.009 [info] > git rev-parse --show-toplevel [2ms]
2024-11-05 18:16:58.009 [info] fatal: not a git repository (or any of the parent directories): .git
2024-11-05 18:17:01.548 [info] > git rev-parse --show-toplevel [1ms]
2024-11-05 18:17:01.548 [info] fatal: not a git repository (or any of the parent directories): .git
2024-11-05 19:51:11.352 [info] > git rev-parse --show-toplevel [20ms]
2024-11-05 19:51:11.352 [info] fatal: not a git repository (or any of the parent directories): .git
2024-11-05 19:54:25.962 [info] > git rev-parse --show-toplevel [12ms]
2024-11-05 19:54:25.963 [info] fatal: not a git repository (or any of the parent directories): .git
2024-11-05 19:57:28.409 [info] > git rev-parse --show-toplevel [11ms]
2024-11-05 19:57:28.410 [info] fatal: not a git repository (or any of the parent directories): .git
